c:\users\post\documents\rep_main\mfcapplication1\mfcapplication1\x64\debug\mfcapplication1.pch
c:\users\post\documents\rep_main\mfcapplication1\mfcapplication1\x64\debug\vc143.pdb
c:\users\post\documents\rep_main\mfcapplication1\mfcapplication1\x64\debug\vc143.idb
c:\users\post\documents\rep_main\mfcapplication1\mfcapplication1\x64\debug\pch.obj
c:\users\post\documents\rep_main\mfcapplication1\mfcapplication1\x64\debug\mfcapplication1dlg.obj
c:\users\post\documents\rep_main\mfcapplication1\mfcapplication1\x64\debug\mfcapplication1.obj
c:\users\post\documents\rep_main\mfcapplication1\x64\debug\mfcapplication1.exe
c:\users\post\documents\rep_main\mfcapplication1\x64\debug\mfcapplication1.pdb
c:\users\post\documents\rep_main\mfcapplication1\mfcapplication1\x64\debug\mfcapplication1.res
c:\users\post\documents\rep_main\mfcapplication1\mfcapplication1\x64\debug\mfcapplication1.ilk
c:\users\post\documents\rep_main\mfcapplication1\mfcapplication1\x64\debug\mfcapplication1.tlog\cl.command.1.tlog
c:\users\post\documents\rep_main\mfcapplication1\mfcapplication1\x64\debug\mfcapplication1.tlog\cl.items.tlog
c:\users\post\documents\rep_main\mfcapplication1\mfcapplication1\x64\debug\mfcapplication1.tlog\cl.read.1.tlog
c:\users\post\documents\rep_main\mfcapplication1\mfcapplication1\x64\debug\mfcapplication1.tlog\cl.write.1.tlog
c:\users\post\documents\rep_main\mfcapplication1\mfcapplication1\x64\debug\mfcapplication1.tlog\link.command.1.tlog
c:\users\post\documents\rep_main\mfcapplication1\mfcapplication1\x64\debug\mfcapplication1.tlog\link.read.1.tlog
c:\users\post\documents\rep_main\mfcapplication1\mfcapplication1\x64\debug\mfcapplication1.tlog\link.secondary.1.tlog
c:\users\post\documents\rep_main\mfcapplication1\mfcapplication1\x64\debug\mfcapplication1.tlog\link.write.1.tlog
c:\users\post\documents\rep_main\mfcapplication1\mfcapplication1\x64\debug\mfcapplication1.tlog\rc.command.1.tlog
c:\users\post\documents\rep_main\mfcapplication1\mfcapplication1\x64\debug\mfcapplication1.tlog\rc.read.1.tlog
c:\users\post\documents\rep_main\mfcapplication1\mfcapplication1\x64\debug\mfcapplication1.tlog\rc.write.1.tlog
